{
  "stats": {
    "suites": 1,
    "tests": 8,
    "passes": 7,
    "pending": 0,
    "failures": 1,
    "start": "2024-07-24T16:09:13.350Z",
    "end": "2024-07-24T16:10:27.114Z",
    "duration": 73764,
    "testsRegistered": 8,
    "passPercent": 87.5,
    "pendingPercent": 0,
    "other": 0,
    "hasOther": false,
    "skipped": 0,
    "hasSkipped": false
  },
  "results": [
    {
      "uuid": "5df2fb0e-0333-4104-ac02-05af277767ee",
      "title": "",
      "fullFile": "cypress\\e2e\\ui\\SearchAutocomplete.cy.js",
      "file": "cypress\\e2e\\ui\\SearchAutocomplete.cy.js",
      "beforeHooks": [],
      "afterHooks": [],
      "tests": [],
      "suites": [
        {
          "uuid": "66c1df60-8f10-402b-8972-cd67dff2a31e",
          "title": "Visit page and perform search",
          "fullFile": "",
          "file": "",
          "beforeHooks": [],
          "afterHooks": [],
          "tests": [
            {
              "title": "Performs a search and clicks on an autocomplete result ",
              "fullTitle": "Visit page and perform search Performs a search and clicks on an autocomplete result ",
              "timedOut": null,
              "duration": 17230,
              "state": "passed",
              "speed": "slow",
              "pass": true,
              "fail": false,
              "pending": false,
              "context": null,
              "code": "// Type the search query and hit Enter\n_searchPage.default.typeSearchQuery('Givelify');\n_searchPage.default.clickSearchButton();\n// Click on the autocomplete result containing the specific text\n_searchPage.default.clickAutocompleteResult('Givelify');\n// Add your assertions here\ncy.url().should('include', 'NzYwOTQ');",
              "err": {},
              "uuid": "2c8ad80b-0ab1-4f2c-93b3-dec76c9e771b",
              "parentUUID": "66c1df60-8f10-402b-8972-cd67dff2a31e",
              "isHook": false,
              "skipped": false
            },
            {
              "title": "Search by exact organization name @smoke",
              "fullTitle": "Visit page and perform search Search by exact organization name @smoke",
              "timedOut": null,
              "duration": 6188,
              "state": "passed",
              "speed": "medium",
              "pass": true,
              "fail": false,
              "pending": false,
              "context": null,
              "code": "_searchPage.default.typeSearchQuery('Alfred Street Baptist Church');\n_searchPage.default.clickSearchButton();\n// Verify the search result contains the exact organization name\ncy.get('.autocomplete-result').should('contain.text', 'Alfred Street Baptist Church');",
              "err": {},
              "uuid": "19523f70-0d1b-499c-8765-d43109789b52",
              "parentUUID": "66c1df60-8f10-402b-8972-cd67dff2a31e",
              "isHook": false,
              "skipped": false
            },
            {
              "title": "Search by partial organization name",
              "fullTitle": "Visit page and perform search Search by partial organization name",
              "timedOut": null,
              "duration": 5192,
              "state": "passed",
              "speed": "medium",
              "pass": true,
              "fail": false,
              "pending": false,
              "context": null,
              "code": "_searchPage.default.typeSearchQuery('Alfred Street');\n_searchPage.default.clickSearchButton();\n// Verify the search result contains the relevant organization\ncy.get('.autocomplete-result').should('contain.text', 'Alfred Street Baptist Church');",
              "err": {},
              "uuid": "8cb19c78-7875-4b1b-8ced-bac3e2651132",
              "parentUUID": "66c1df60-8f10-402b-8972-cd67dff2a31e",
              "isHook": false,
              "skipped": false
            },
            {
              "title": "Verify that each result heading in incrementing containers contains the keyword",
              "fullTitle": "Visit page and perform search Verify that each result heading in incrementing containers contains the keyword",
              "timedOut": null,
              "duration": 6590,
              "state": "passed",
              "speed": "medium",
              "pass": true,
              "fail": false,
              "pending": false,
              "context": null,
              "code": "// Define the search keyword\nconst keyword = 'Baptist Church';\n// Type the search query and perform the search\ncy.get('.js-search-form__input').type(keyword, {\n  delay: 100\n}).type(\"{enter}\", {\n  delay: 100\n});\ncy.get('.js-search-form__input').click();\n// Verify that results are visible (or wait if necessary)\ncy.get('.autocomplete-result').should('be.visible');\n// Define a function to check results in a specific container\nconst checkResultsInContainer = containerId => {\n  cy.get(`${containerId} .autocomplete-result__heading`).each($el => {\n    cy.wrap($el).should('contain.text', keyword);\n  });\n};\n// Loop through the container IDs\nfor (let i = 1; i <= 3; i++) {\n  // Adjust the number based on the maximum expected containers\n  checkResultsInContainer(`#autoComplete_result_${i}`);\n}",
              "err": {},
              "uuid": "052506ba-abf6-43f4-8b98-42cda84c790b",
              "parentUUID": "66c1df60-8f10-402b-8972-cd67dff2a31e",
              "isHook": false,
              "skipped": false
            },
            {
              "title": "Case sensitivity test",
              "fullTitle": "Visit page and perform search Case sensitivity test",
              "timedOut": null,
              "duration": 11598,
              "state": "passed",
              "speed": "slow",
              "pass": true,
              "fail": false,
              "pending": false,
              "context": null,
              "code": "_searchPage.default.typeSearchQuery('ALFRED STREET BAPTIST CHURCH');\n_searchPage.default.clickSearchButton();\ncy.get('.autocomplete-result').should('contain.text', 'Alfred Street Baptist Church');\n_searchPage.default.typeSearchQuery('alfred street baptist church');\n_searchPage.default.clickSearchButton();\ncy.get('.autocomplete-result').should('contain.text', 'Alfred Street Baptist Church');",
              "err": {},
              "uuid": "c98c97ff-8dc0-4555-a0f4-980a026a0067",
              "parentUUID": "66c1df60-8f10-402b-8972-cd67dff2a31e",
              "isHook": false,
              "skipped": false
            },
            {
              "title": "Special characters test",
              "fullTitle": "Visit page and perform search Special characters test",
              "timedOut": null,
              "duration": 8751,
              "state": "failed",
              "speed": null,
              "pass": false,
              "fail": true,
              "pending": false,
              "context": null,
              "code": "_searchPage.default.typeSearchQuery(\"St. Mary's Church\");\n_searchPage.default.clickSearchButton();\n// Verify the search result contains the organization with special characters\ncy.get('.autocomplete-result').should('contain.text', \"St. Mary's Church\");",
              "err": {
                "message": "AssertionError: Timed out retrying after 3000ms: expected '[ <div.autocomplete-result.>, 29 more... ]' to contain text 'St. Mary\\'s Church', but the text was '\\n      \\n        \\n          \\n        \\n      \\n      \\n        \\n          St Nicholas Episcopal Church\\n        \\n        \\n          15575 Germantown Rd  Germantown, MD\\n        \\n      \\n    \\n      \\n        \\n          \\n        \\n      \\n      \\n        \\n          St James AME\\n        \\n        \\n          6002 Bartonsville Rd  Frederick, MD\\n        \\n      \\n    \\n      \\n        \\n          \\n        \\n      \\n      \\n        \\n          St. Paul AME Church\\n        \\n        \\n          6750 Ed Sears Road  Dickerson, MD\\n        \\n      \\n    \\n      \\n        \\n          \\n        \\n      \\n      \\n        \\n          Saint Marks Apostolic Church\\n        \\n        \\n          4313 Saint Marks Rd.  Knoxville, MD\\n        \\n      \\n    \\n      \\n        \\n          \\n        \\n      \\n      \\n        \\n          St Jude AME Church\\n        \\n        \\n          11040 Brink Rd  Germantown, MD\\n        \\n      \\n    \\n      \\n        \\n          \\n        \\n      \\n      \\n        \\n          St. Jude Community Development Corporation\\n        \\n        \\n          11040 Brink Road  Germantown, MD\\n        \\n      \\n    \\n      \\n        \\n          \\n        \\n      \\n      \\n        \\n          St. John’s Community\\n        \\n        \\n          7830 Central Ave  Hyattsville, MD\\n        \\n      \\n    \\n      \\n        \\n          \\n        \\n      \\n      \\n        \\n          St. Phillips Baptist Church\\n        \\n        \\n          3415 Brinkley Road  Temple Hills, MD\\n        \\n      \\n    \\n      \\n        \\n          \\n        \\n      \\n      \\n        \\n          Saint John United Church\\n        \\n        \\n          10431 Twin Rivers Rd  Columbia, MD\\n        \\n      \\n    \\n      \\n        \\n          \\n        \\n      \\n      \\n        \\n          St John Baptist Church\\n        \\n        \\n          9055 Tamar Dr  Columbia, MD\\n        \\n      \\n    \\n      \\n        \\n          \\n        \\n      \\n      \\n        \\n          Greater St John Church\\n        \\n        \\n          11425 Old Marlboro Pike  Upper Marlboro, MD\\n        \\n      \\n    \\n      \\n        \\n          \\n        \\n      \\n      \\n        \\n          St Matthews Baptist Church\\n        \\n        \\n          2001 Brooks Dr  District Heights, MD\\n        \\n      \\n    \\n      \\n        \\n          \\n        \\n      \\n      \\n        \\n          St Stephen Baptist Church\\n        \\n        \\n          5757 Temple Hill Rd  Temple Hills, MD\\n        \\n      \\n    \\n      \\n        \\n          \\n        \\n      \\n      \\n        \\n          St Luke United Methodist Church\\n        \\n        \\n          350  River Road  Sykesville, MD\\n        \\n      \\n    \\n      \\n        \\n          \\n        \\n      \\n      \\n        \\n          Church Of God And Saints Of Christ\\n        \\n        \\n          7806 Hubble Drive  Lanham, MD\\n        \\n      \\n    \\n      \\n        \\n          \\n        \\n      \\n      \\n        \\n          St John AOPC\\n        \\n        \\n          1950 W North Ave  Baltimore, MD\\n        \\n      \\n    \\n      \\n        \\n          \\n        \\n      \\n      \\n        \\n          St Martin Church of Christ\\n        \\n        \\n          2118 Madison Ave  Baltimore, MD\\n        \\n      \\n    \\n      \\n        \\n          \\n        \\n      \\n      \\n        \\n          St Luke\\'s Church\\n        \\n        \\n          1101 Bay Ridge Ave  Annapolis, MD\\n        \\n      \\n    \\n      \\n        \\n          \\n        \\n      \\n      \\n        \\n          St James Ame Zion\\n        \\n        \\n          521 Mack Ave  Salisbury, MD\\n        \\n      \\n    \\n      \\n        \\n          \\n        \\n      \\n      \\n        \\n          St Mary MB Church\\n        \\n        \\n          505 St Mary\\'s Ln  Hernando, MS\\n        \\n      \\n    \\n      \\n        \\n          \\n        \\n      \\n      \\n        \\n          St Mary MB Church\\n        \\n        \\n          6310 Wirtz Rd  Flowood, MS\\n        \\n      \\n    \\n      \\n        \\n          \\n        \\n      \\n      \\n        \\n          All Saints Episcopal Church\\n        \\n        \\n          203 E Chatsworth Ave  Reisterstown, MD\\n        \\n      \\n    \\n      \\n        \\n          \\n        \\n      \\n      \\n        \\n          St John United Methodist\\n        \\n        \\n          6019 Belle Grove Rd  Brooklyn, MD\\n        \\n      \\n    \\n      \\n        \\n          \\n        \\n      \\n      \\n        \\n          St Matthew\\'s Gospel Tabernacle\\n        \\n        \\n          1907 N Rosedale St  Baltimore, MD\\n        \\n      \\n    \\n      \\n        \\n          \\n        \\n      \\n      \\n        \\n          St Paul Institutional Baptist\\n        \\n        \\n          2010 W North Ave  Baltimore, MD\\n        \\n      \\n    \\n      \\n        \\n          \\n        \\n      \\n      \\n        \\n          St John Ame Church\\n        \\n        \\n          810 N Carrollton Ave  Baltimore, MD\\n        \\n      \\n    \\n      \\n        \\n          \\n        \\n      \\n      \\n        \\n          St Katherine\\'s Episcopal Church\\n        \\n        \\n          2001 Division St  Baltimore, MD\\n        \\n      \\n    \\n      \\n        \\n          \\n        \\n      \\n      \\n        \\n          Oak St AME Church\\n        \\n        \\n          123 W 24th St  Baltimore, MD\\n        \\n      \\n    \\n      \\n        \\n          \\n        \\n      \\n      \\n        \\n          St Philip\\'s Episcopal Church\\n        \\n        \\n          730 Bestgate Rd  Annapolis, MD\\n        \\n      \\n    \\n      \\n        \\n          \\n        \\n      \\n      \\n        \\n          Saint Joseph\\'s Baptist Church\\n        \\n        \\n          1601 Rutland Ave  Baltimore, MD\\n        \\n      \\n    '",
                "estack": "AssertionError: Timed out retrying after 3000ms: expected '[ <div.autocomplete-result.>, 29 more... ]' to contain text 'St. Mary\\'s Church', but the text was '\\n      \\n        \\n          \\n        \\n      \\n      \\n        \\n          St Nicholas Episcopal Church\\n        \\n        \\n          15575 Germantown Rd  Germantown, MD\\n        \\n      \\n    \\n      \\n        \\n          \\n        \\n      \\n      \\n        \\n          St James AME\\n        \\n        \\n          6002 Bartonsville Rd  Frederick, MD\\n        \\n      \\n    \\n      \\n        \\n          \\n        \\n      \\n      \\n        \\n          St. Paul AME Church\\n        \\n        \\n          6750 Ed Sears Road  Dickerson, MD\\n        \\n      \\n    \\n      \\n        \\n          \\n        \\n      \\n      \\n        \\n          Saint Marks Apostolic Church\\n        \\n        \\n          4313 Saint Marks Rd.  Knoxville, MD\\n        \\n      \\n    \\n      \\n        \\n          \\n        \\n      \\n      \\n        \\n          St Jude AME Church\\n        \\n        \\n          11040 Brink Rd  Germantown, MD\\n        \\n      \\n    \\n      \\n        \\n          \\n        \\n      \\n      \\n        \\n          St. Jude Community Development Corporation\\n        \\n        \\n          11040 Brink Road  Germantown, MD\\n        \\n      \\n    \\n      \\n        \\n          \\n        \\n      \\n      \\n        \\n          St. John’s Community\\n        \\n        \\n          7830 Central Ave  Hyattsville, MD\\n        \\n      \\n    \\n      \\n        \\n          \\n        \\n      \\n      \\n        \\n          St. Phillips Baptist Church\\n        \\n        \\n          3415 Brinkley Road  Temple Hills, MD\\n        \\n      \\n    \\n      \\n        \\n          \\n        \\n      \\n      \\n        \\n          Saint John United Church\\n        \\n        \\n          10431 Twin Rivers Rd  Columbia, MD\\n        \\n      \\n    \\n      \\n        \\n          \\n        \\n      \\n      \\n        \\n          St John Baptist Church\\n        \\n        \\n          9055 Tamar Dr  Columbia, MD\\n        \\n      \\n    \\n      \\n        \\n          \\n        \\n      \\n      \\n        \\n          Greater St John Church\\n        \\n        \\n          11425 Old Marlboro Pike  Upper Marlboro, MD\\n        \\n      \\n    \\n      \\n        \\n          \\n        \\n      \\n      \\n        \\n          St Matthews Baptist Church\\n        \\n        \\n          2001 Brooks Dr  District Heights, MD\\n        \\n      \\n    \\n      \\n        \\n          \\n        \\n      \\n      \\n        \\n          St Stephen Baptist Church\\n        \\n        \\n          5757 Temple Hill Rd  Temple Hills, MD\\n        \\n      \\n    \\n      \\n        \\n          \\n        \\n      \\n      \\n        \\n          St Luke United Methodist Church\\n        \\n        \\n          350  River Road  Sykesville, MD\\n        \\n      \\n    \\n      \\n        \\n          \\n        \\n      \\n      \\n        \\n          Church Of God And Saints Of Christ\\n        \\n        \\n          7806 Hubble Drive  Lanham, MD\\n        \\n      \\n    \\n      \\n        \\n          \\n        \\n      \\n      \\n        \\n          St John AOPC\\n        \\n        \\n          1950 W North Ave  Baltimore, MD\\n        \\n      \\n    \\n      \\n        \\n          \\n        \\n      \\n      \\n        \\n          St Martin Church of Christ\\n        \\n        \\n          2118 Madison Ave  Baltimore, MD\\n        \\n      \\n    \\n      \\n        \\n          \\n        \\n      \\n      \\n        \\n          St Luke\\'s Church\\n        \\n        \\n          1101 Bay Ridge Ave  Annapolis, MD\\n        \\n      \\n    \\n      \\n        \\n          \\n        \\n      \\n      \\n        \\n          St James Ame Zion\\n        \\n        \\n          521 Mack Ave  Salisbury, MD\\n        \\n      \\n    \\n      \\n        \\n          \\n        \\n      \\n      \\n        \\n          St Mary MB Church\\n        \\n        \\n          505 St Mary\\'s Ln  Hernando, MS\\n        \\n      \\n    \\n      \\n        \\n          \\n        \\n      \\n      \\n        \\n          St Mary MB Church\\n        \\n        \\n          6310 Wirtz Rd  Flowood, MS\\n        \\n      \\n    \\n      \\n        \\n          \\n        \\n      \\n      \\n        \\n          All Saints Episcopal Church\\n        \\n        \\n          203 E Chatsworth Ave  Reisterstown, MD\\n        \\n      \\n    \\n      \\n        \\n          \\n        \\n      \\n      \\n        \\n          St John United Methodist\\n        \\n        \\n          6019 Belle Grove Rd  Brooklyn, MD\\n        \\n      \\n    \\n      \\n        \\n          \\n        \\n      \\n      \\n        \\n          St Matthew\\'s Gospel Tabernacle\\n        \\n        \\n          1907 N Rosedale St  Baltimore, MD\\n        \\n      \\n    \\n      \\n        \\n          \\n        \\n      \\n      \\n        \\n          St Paul Institutional Baptist\\n        \\n        \\n          2010 W North Ave  Baltimore, MD\\n        \\n      \\n    \\n      \\n        \\n          \\n        \\n      \\n      \\n        \\n          St John Ame Church\\n        \\n        \\n          810 N Carrollton Ave  Baltimore, MD\\n        \\n      \\n    \\n      \\n        \\n          \\n        \\n      \\n      \\n        \\n          St Katherine\\'s Episcopal Church\\n        \\n        \\n          2001 Division St  Baltimore, MD\\n        \\n      \\n    \\n      \\n        \\n          \\n        \\n      \\n      \\n        \\n          Oak St AME Church\\n        \\n        \\n          123 W 24th St  Baltimore, MD\\n        \\n      \\n    \\n      \\n        \\n          \\n        \\n      \\n      \\n        \\n          St Philip\\'s Episcopal Church\\n        \\n        \\n          730 Bestgate Rd  Annapolis, MD\\n        \\n      \\n    \\n      \\n        \\n          \\n        \\n      \\n      \\n        \\n          Saint Joseph\\'s Baptist Church\\n        \\n        \\n          1601 Rutland Ave  Baltimore, MD\\n        \\n      \\n    '\n    at Context.eval (webpack:///./cypress/e2e/ui/SearchAutocomplete.cy.js:84:35)",
                "diff": "- '\\n      \\n        \\n          \\n        \\n      \\n      \\n        \\n          St Nicholas Episcopal Church\\n        \\n        \\n          15575 Germantown Rd  Germantown, MD\\n        \\n      \\n    \\n      \\n        \\n          \\n        \\n      \\n      \\n        \\n          St James AME\\n        \\n        \\n          6002 Bartonsville Rd  Frederick, MD\\n        \\n      \\n    \\n      \\n        \\n          \\n        \\n      \\n      \\n        \\n          St. Paul AME Church\\n        \\n        \\n          6750 Ed Sears Road  Dickerson, MD\\n        \\n      \\n    \\n      \\n        \\n          \\n        \\n      \\n      \\n        \\n          Saint Marks Apostolic Church\\n        \\n        \\n          4313 Saint Marks Rd.  Knoxville, MD\\n        \\n      \\n    \\n      \\n        \\n          \\n        \\n      \\n      \\n        \\n          St Jude AME Church\\n        \\n        \\n          11040 Brink Rd  Germantown, MD\\n        \\n      \\n    \\n      \\n        \\n          \\n        \\n      \\n      \\n        \\n          St. Jude Community Development Corporation\\n        \\n        \\n          11040 Brink Road  Germantown, MD\\n        \\n      \\n    \\n      \\n        \\n          \\n        \\n      \\n      \\n        \\n          St. John’s Community\\n        \\n        \\n          7830 Central Ave  Hyattsville, MD\\n        \\n      \\n    \\n      \\n        \\n          \\n        \\n      \\n      \\n        \\n          St. Phillips Baptist Church\\n        \\n        \\n          3415 Brinkley Road  Temple Hills, MD\\n        \\n      \\n    \\n      \\n        \\n          \\n        \\n      \\n      \\n        \\n          Saint John United Church\\n        \\n        \\n          10431 Twin Rivers Rd  Columbia, MD\\n        \\n      \\n    \\n      \\n        \\n          \\n        \\n      \\n      \\n        \\n          St John Baptist Church\\n        \\n        \\n          9055 Tamar Dr  Columbia, MD\\n        \\n      \\n    \\n      \\n        \\n          \\n        \\n      \\n      \\n        \\n          Greater St John Church\\n        \\n        \\n          11425 Old Marlboro Pike  Upper Marlboro, MD\\n        \\n      \\n    \\n      \\n        \\n          \\n        \\n      \\n      \\n        \\n          St Matthews Baptist Church\\n        \\n        \\n          2001 Brooks Dr  District Heights, MD\\n        \\n      \\n    \\n      \\n        \\n          \\n        \\n      \\n      \\n        \\n          St Stephen Baptist Church\\n        \\n        \\n          5757 Temple Hill Rd  Temple Hills, MD\\n        \\n      \\n    \\n      \\n        \\n          \\n        \\n      \\n      \\n        \\n          St Luke United Methodist Church\\n        \\n        \\n          350  River Road  Sykesville, MD\\n        \\n      \\n    \\n      \\n        \\n          \\n        \\n      \\n      \\n        \\n          Church Of God And Saints Of Christ\\n        \\n        \\n          7806 Hubble Drive  Lanham, MD\\n        \\n      \\n    \\n      \\n        \\n          \\n        \\n      \\n      \\n        \\n          St John AOPC\\n        \\n        \\n          1950 W North Ave  Baltimore, MD\\n        \\n      \\n    \\n      \\n        \\n          \\n        \\n      \\n      \\n        \\n          St Martin Church of Christ\\n        \\n        \\n          2118 Madison Ave  Baltimore, MD\\n        \\n      \\n    \\n      \\n        \\n          \\n        \\n      \\n      \\n        \\n          St Luke\\'s Church\\n        \\n        \\n          1101 Bay Ridge Ave  Annapolis, MD\\n        \\n      \\n    \\n      \\n        \\n          \\n        \\n      \\n      \\n        \\n          St James Ame Zion\\n        \\n        \\n          521 Mack Ave  Salisbury, MD\\n        \\n      \\n    \\n      \\n        \\n          \\n        \\n      \\n      \\n        \\n          St Mary MB Church\\n        \\n        \\n          505 St Mary\\'s Ln  Hernando, MS\\n        \\n      \\n    \\n      \\n        \\n          \\n        \\n      \\n      \\n        \\n          St Mary MB Church\\n        \\n        \\n          6310 Wirtz Rd  Flowood, MS\\n        \\n      \\n    \\n      \\n        \\n          \\n        \\n      \\n      \\n        \\n          All Saints Episcopal Church\\n        \\n        \\n          203 E Chatsworth Ave  Reisterstown, MD\\n        \\n      \\n    \\n      \\n        \\n          \\n        \\n      \\n      \\n        \\n          St John United Methodist\\n        \\n        \\n          6019 Belle Grove Rd  Brooklyn, MD\\n        \\n      \\n    \\n      \\n        \\n          \\n        \\n      \\n      \\n        \\n          St Matthew\\'s Gospel Tabernacle\\n        \\n        \\n          1907 N Rosedale St  Baltimore, MD\\n        \\n      \\n    \\n      \\n        \\n          \\n        \\n      \\n      \\n        \\n          St Paul Institutional Baptist\\n        \\n        \\n          2010 W North Ave  Baltimore, MD\\n        \\n      \\n    \\n      \\n        \\n          \\n        \\n      \\n      \\n        \\n          St John Ame Church\\n        \\n        \\n          810 N Carrollton Ave  Baltimore, MD\\n        \\n      \\n    \\n      \\n        \\n          \\n        \\n      \\n      \\n        \\n          St Katherine\\'s Episcopal Church\\n        \\n        \\n          2001 Division St  Baltimore, MD\\n        \\n      \\n    \\n      \\n        \\n          \\n        \\n      \\n      \\n        \\n          Oak St AME Church\\n        \\n        \\n          123 W 24th St  Baltimore, MD\\n        \\n      \\n    \\n      \\n        \\n          \\n        \\n      \\n      \\n        \\n          St Philip\\'s Episcopal Church\\n        \\n        \\n          730 Bestgate Rd  Annapolis, MD\\n        \\n      \\n    \\n      \\n        \\n          \\n        \\n      \\n      \\n        \\n          Saint Joseph\\'s Baptist Church\\n        \\n        \\n          1601 Rutland Ave  Baltimore, MD\\n        \\n      \\n    '\n+ 'St. Mary\\'s Church'\n"
              },
              "uuid": "d14c3e12-0b2b-45ea-8e5b-ff0f9c44fb82",
              "parentUUID": "66c1df60-8f10-402b-8972-cd67dff2a31e",
              "isHook": false,
              "skipped": false
            },
            {
              "title": "Non-existent organization search",
              "fullTitle": "Visit page and perform search Non-existent organization search",
              "timedOut": null,
              "duration": 6599,
              "state": "passed",
              "speed": "medium",
              "pass": true,
              "fail": false,
              "pending": false,
              "context": null,
              "code": "_searchPage.default.typeSearchQuery('NonExistentOrganization');\n_searchPage.default.clickSearchButton();\n// Verify the search result shows no results \ncy.get('.autocomplete-result').should('not.exist');",
              "err": {},
              "uuid": "c54a79b4-d5c4-4937-a47a-39f4ad1cc191",
              "parentUUID": "66c1df60-8f10-402b-8972-cd67dff2a31e",
              "isHook": false,
              "skipped": false
            },
            {
              "title": "Search with empty input",
              "fullTitle": "Visit page and perform search Search with empty input",
              "timedOut": null,
              "duration": 3978,
              "state": "passed",
              "speed": "fast",
              "pass": true,
              "fail": false,
              "pending": false,
              "context": null,
              "code": "_searchPage.default.clickSearchButton();\n// Verify no results are displayed\ncy.get('.autocomplete-result').should('not.exist');",
              "err": {},
              "uuid": "8430a0e2-aa32-481d-84e6-580f95402a73",
              "parentUUID": "66c1df60-8f10-402b-8972-cd67dff2a31e",
              "isHook": false,
              "skipped": false
            }
          ],
          "suites": [],
          "passes": [
            "2c8ad80b-0ab1-4f2c-93b3-dec76c9e771b",
            "19523f70-0d1b-499c-8765-d43109789b52",
            "8cb19c78-7875-4b1b-8ced-bac3e2651132",
            "052506ba-abf6-43f4-8b98-42cda84c790b",
            "c98c97ff-8dc0-4555-a0f4-980a026a0067",
            "c54a79b4-d5c4-4937-a47a-39f4ad1cc191",
            "8430a0e2-aa32-481d-84e6-580f95402a73"
          ],
          "failures": [
            "d14c3e12-0b2b-45ea-8e5b-ff0f9c44fb82"
          ],
          "pending": [],
          "skipped": [],
          "duration": 66126,
          "root": false,
          "rootEmpty": false,
          "_timeout": 2000
        }
      ],
      "passes": [],
      "failures": [],
      "pending": [],
      "skipped": [],
      "duration": 0,
      "root": true,
      "rootEmpty": true,
      "_timeout": 2000
    }
  ],
  "meta": {
    "mocha": {
      "version": "7.0.1"
    },
    "mochawesome": {
      "options": {
        "quiet": false,
        "reportFilename": "mochawesome",
        "saveHtml": true,
        "saveJson": true,
        "consoleReporter": "spec",
        "useInlineDiffs": false,
        "code": true
      },
      "version": "7.1.3"
    },
    "marge": {
      "options": {
        "reportDir": "cypress/reports",
        "overwrite": false,
        "html": true,
        "json": true
      },
      "version": "6.2.0"
    }
  }
}