{
  "stats": {
    "suites": 1,
    "tests": 5,
    "passes": 5,
    "pending": 0,
    "failures": 0,
    "start": "2024-07-24T16:08:41.437Z",
    "end": "2024-07-24T16:08:42.403Z",
    "duration": 966,
    "testsRegistered": 5,
    "passPercent": 100,
    "pendingPercent": 0,
    "other": 0,
    "hasOther": false,
    "skipped": 0,
    "hasSkipped": false
  },
  "results": [
    {
      "uuid": "83335b71-9797-41b3-8827-f2e5c8430173",
      "title": "",
      "fullFile": "cypress\\e2e\\api\\Positive_api_spec_BySearch.cy.js",
      "file": "cypress\\e2e\\api\\Positive_api_spec_BySearch.cy.js",
      "beforeHooks": [],
      "afterHooks": [],
      "tests": [],
      "suites": [
        {
          "uuid": "20e346ff-eab7-4a58-986a-e5f272ed8b09",
          "title": "OMDB API Positive Tests",
          "fullFile": "",
          "file": "",
          "beforeHooks": [],
          "afterHooks": [],
          "tests": [
            {
              "title": "Checks if response status is 200 and validates response data",
              "fullTitle": "OMDB API Positive Tests Checks if response status is 200 and validates response data",
              "timedOut": null,
              "duration": 169,
              "state": "passed",
              "speed": "fast",
              "pass": true,
              "fail": false,
              "pending": false,
              "context": null,
              "code": "const apiKey = Cypress.env('apiKey');\nconst movieTitle = Cypress.env('movieTitle');\nconst url = `${Cypress.config('apiBaseUrl')}?apikey=${apiKey}&t=${encodeURIComponent(movieTitle)}&y=2018`;\ncy.request(url).then(response => {\n  expect(response.status, 'Expected response status to be 200').to.eq(200);\n  if (response.status === 200) {\n    const jsonData = response.body;\n    const expectedData = this.expectedResponse;\n    expect(jsonData.Title, 'Expected movie title to be \"A Star Is Born\"').to.eq(expectedData.Title);\n    expect(jsonData.Year, 'Expected release year to be \"2018\"').to.eq(expectedData.Year);\n    expect(jsonData.Ratings, 'Expected ratings to be a non-empty array').to.be.an('array').that.is.not.empty;\n    const rating = jsonData.Ratings[0];\n    expect(rating, 'Expected first rating to have property \"Source\"').to.have.property('Source');\n    expect(rating.Source, 'Expected first rating source to be \"Internet Movie Database\"').to.eq('Internet Movie Database');\n    expect(rating, 'Expected first rating to have property \"Value\"').to.have.property('Value');\n    expect(rating.Value, 'Expected first rating value to be \"7.6/10\"').to.eq('7.6/10');\n    expect(jsonData.Runtime, 'Expected runtime to be \"136 min\"').to.eq('136 min');\n    expect(jsonData.BoxOffice, 'Expected box office value to be \"$215,333,122\"').to.eq(expectedData.BoxOffice);\n  }\n});",
              "err": {},
              "uuid": "58e84e45-710d-4c41-a893-41661739d26d",
              "parentUUID": "20e346ff-eab7-4a58-986a-e5f272ed8b09",
              "isHook": false,
              "skipped": false
            },
            {
              "title": "Checks response for full plot",
              "fullTitle": "OMDB API Positive Tests Checks response for full plot",
              "timedOut": null,
              "duration": 122,
              "state": "passed",
              "speed": "fast",
              "pass": true,
              "fail": false,
              "pending": false,
              "context": null,
              "code": "const apiKey = Cypress.env('apiKey');\nconst movieTitle = Cypress.env('movieTitle');\nconst url = `${Cypress.config('apiBaseUrl')}?apikey=${apiKey}&t=${encodeURIComponent(movieTitle)}&plot=full`;\ncy.request(url).then(response => {\n  expect(response.status, 'Expected response status to be 200').to.eq(200);\n  expect(response.body.Plot, 'Expected plot to be more detailed').to.include('Seasoned musician Jackson Maine (Bradley Cooper) discovers-and falls in love with-struggling artist Ally (Gaga).');\n});",
              "err": {},
              "uuid": "68b7f07e-38b7-4a38-9e52-981882551c83",
              "parentUUID": "20e346ff-eab7-4a58-986a-e5f272ed8b09",
              "isHook": false,
              "skipped": false
            },
            {
              "title": "Checks response in XML format",
              "fullTitle": "OMDB API Positive Tests Checks response in XML format",
              "timedOut": null,
              "duration": 91,
              "state": "passed",
              "speed": "fast",
              "pass": true,
              "fail": false,
              "pending": false,
              "context": null,
              "code": "const apiKey = Cypress.env('apiKey');\nconst movieTitle = Cypress.env('movieTitle');\nconst url = `${Cypress.config('apiBaseUrl')}?apikey=${apiKey}&t=${encodeURIComponent(movieTitle)}&r=xml`;\ncy.request(url).then(response => {\n  expect(response.status, 'Expected response status to be 200').to.eq(200);\n  expect(response.headers['content-type']).to.include('text/xml');\n});",
              "err": {},
              "uuid": "f2118719-c1b6-4fec-b725-47f52cbba239",
              "parentUUID": "20e346ff-eab7-4a58-986a-e5f272ed8b09",
              "isHook": false,
              "skipped": false
            },
            {
              "title": "Checks search results with multiple results",
              "fullTitle": "OMDB API Positive Tests Checks search results with multiple results",
              "timedOut": null,
              "duration": 239,
              "state": "passed",
              "speed": "fast",
              "pass": true,
              "fail": false,
              "pending": false,
              "context": null,
              "code": "const apiKey = Cypress.env('apiKey');\nconst searchTitle = 'Star';\nconst url = `${Cypress.config('apiBaseUrl')}?apikey=${apiKey}&s=${encodeURIComponent(searchTitle)}`;\ncy.request(url).then(response => {\n  expect(response.status, 'Expected response status to be 200').to.eq(200);\n  expect(response.body.Search).to.be.an('array').that.is.not.empty;\n});",
              "err": {},
              "uuid": "4d3fba80-ceed-4637-baef-d8d87dbc2e4a",
              "parentUUID": "20e346ff-eab7-4a58-986a-e5f272ed8b09",
              "isHook": false,
              "skipped": false
            },
            {
              "title": "Checks paginated search results",
              "fullTitle": "OMDB API Positive Tests Checks paginated search results",
              "timedOut": null,
              "duration": 133,
              "state": "passed",
              "speed": "fast",
              "pass": true,
              "fail": false,
              "pending": false,
              "context": null,
              "code": "const apiKey = Cypress.env('apiKey');\nconst searchTitle = 'Star';\nconst url = `${Cypress.config('apiBaseUrl')}?apikey=${apiKey}&s=${encodeURIComponent(searchTitle)}&page=2`;\ncy.request(url).then(response => {\n  expect(response.status, 'Expected response status to be 200').to.eq(200);\n  expect(response.body.Search).to.be.an('array').that.is.not.empty;\n});",
              "err": {},
              "uuid": "e98af997-0890-48b9-a0ed-1689fdd2da9b",
              "parentUUID": "20e346ff-eab7-4a58-986a-e5f272ed8b09",
              "isHook": false,
              "skipped": false
            }
          ],
          "suites": [],
          "passes": [
            "58e84e45-710d-4c41-a893-41661739d26d",
            "68b7f07e-38b7-4a38-9e52-981882551c83",
            "f2118719-c1b6-4fec-b725-47f52cbba239",
            "4d3fba80-ceed-4637-baef-d8d87dbc2e4a",
            "e98af997-0890-48b9-a0ed-1689fdd2da9b"
          ],
          "failures": [],
          "pending": [],
          "skipped": [],
          "duration": 754,
          "root": false,
          "rootEmpty": false,
          "_timeout": 2000
        }
      ],
      "passes": [],
      "failures": [],
      "pending": [],
      "skipped": [],
      "duration": 0,
      "root": true,
      "rootEmpty": true,
      "_timeout": 2000
    }
  ],
  "meta": {
    "mocha": {
      "version": "7.0.1"
    },
    "mochawesome": {
      "options": {
        "quiet": false,
        "reportFilename": "mochawesome",
        "saveHtml": true,
        "saveJson": true,
        "consoleReporter": "spec",
        "useInlineDiffs": false,
        "code": true
      },
      "version": "7.1.3"
    },
    "marge": {
      "options": {
        "reportDir": "cypress/reports",
        "overwrite": false,
        "html": true,
        "json": true
      },
      "version": "6.2.0"
    }
  }
}